<?xml version="1.0" encoding="utf-8"?><testsuites><testsuite name="pytest" errors="0" failures="0" skipped="1" tests="23" time="3.469" timestamp="2025-07-24T16:21:12.089149" hostname="MBP4RH.local"><testcase classname="tests.binary.test_package_managers.TestHomebrewFormula" name="test_formula_file_exists" time="0.001" /><testcase classname="tests.binary.test_package_managers.TestScoopManifest" name="test_manifest_checkver_configuration" time="0.001" /><testcase classname="tests.binary.test_package_managers.TestScoopManifest" name="test_manifest_required_fields" time="0.001" /><testcase classname="tests.binary.test_package_managers.TestHomebrewFormula" name="test_formula_binary_urls" time="0.002" /><testcase classname="tests.binary.test_package_managers.TestHomebrewFormula" name="test_formula_install_method" time="0.002" /><testcase classname="tests.binary.test_package_managers.TestScoopManifest" name="test_manifest_file_exists" time="0.001" /><testcase classname="tests.binary.test_package_managers.TestScoopManifest" name="test_manifest_no_python_dependencies" time="0.001" /><testcase classname="tests.binary.test_package_managers.TestScoopManifest" name="test_manifest_autoupdate_configuration" time="0.000" /><testcase classname="tests.binary.test_package_managers.TestHomebrewFormula" name="test_formula_architecture_support" time="0.002" /><testcase classname="tests.binary.test_package_managers.TestHomebrewFormula" name="test_formula_test_section" time="0.000" /><testcase classname="tests.binary.test_package_managers.TestHomebrewFormula" name="test_formula_no_python_dependencies" time="0.000" /><testcase classname="tests.binary.test_package_managers.TestScoopManifest" name="test_manifest_binary_url" time="0.000" /><testcase classname="tests.binary.test_package_managers.TestPackageManagerWorkflows" name="test_homebrew_update_workflow_exists" time="0.000" /><testcase classname="tests.binary.test_package_managers.TestScoopManifest" name="test_manifest_valid_json" time="0.001" /><testcase classname="tests.binary.test_package_managers.TestPackageManagerWorkflows" name="test_homebrew_workflow_structure" time="0.003" /><testcase classname="tests.binary.test_package_managers.TestHomebrewFormula" name="test_formula_basic_structure" time="0.000" /><testcase classname="tests.binary.test_package_managers.TestPackageManagerWorkflows" name="test_scoop_update_workflow_exists" time="0.000" /><testcase classname="tests.binary.test_package_managers.TestHomebrewFormula" name="test_formula_syntax_validation" time="0.025" /><testcase classname="tests.binary.test_package_managers.TestPackageManagerIntegration" name="test_homebrew_tap_structure" time="1.430" /><testcase classname="tests.binary.test_package_managers.TestScoopManifest" name="test_manifest_binary_executable" time="0.000" /><testcase classname="tests.binary.test_package_managers.TestPackageManagerIntegration" name="test_scoop_bucket_structure" time="0.000"><skipped type="pytest.skip" message="Scoop tests require Windows">/Users/paxcalpt/Documents/GitHub/rxiv-maker/tests/binary/test_package_managers.py:301: Scoop tests require Windows</skipped></testcase><testcase classname="tests.binary.test_package_managers.TestPackageManagerWorkflows" name="test_scoop_workflow_structure" time="0.004" /><testcase classname="tests.binary.test_package_managers.TestPackageManagerIntegration" name="test_package_manager_version_consistency" time="0.001" /></testsuite></testsuites>
