<?xml version="1.0" encoding="utf-8"?><testsuites><testsuite name="pytest" errors="0" failures="0" skipped="1" tests="12" time="2.284" timestamp="2025-07-24T16:21:08.856730" hostname="MBP4RH.local"><testcase classname="tests.binary.test_pyinstaller_build.TestPyInstallerBuild" name="test_data_files_inclusion_spec" time="0.001" /><testcase classname="tests.binary.test_pyinstaller_build.TestPyInstallerBuild" name="test_pyinstaller_exclusions" time="0.008" /><testcase classname="tests.binary.test_pyinstaller_build.TestPyInstallerBuild" name="test_required_data_files_exist" time="0.001" /><testcase classname="tests.binary.test_pyinstaller_build.TestBinaryCompatibility" name="test_resource_bundling_compatibility" time="0.001" /><testcase classname="tests.binary.test_pyinstaller_build.TestPyInstallerBuild" name="test_pyinstaller_spec_file_creation" time="0.001" /><testcase classname="tests.binary.test_pyinstaller_build.TestBinaryCompatibility" name="test_template_processor_path_resolution" time="0.059" /><testcase classname="tests.binary.test_pyinstaller_build.TestPyInstallerBuild" name="test_hidden_imports_are_importable" time="0.112" /><testcase classname="tests.binary.test_pyinstaller_build.TestPyInstallerBuild" name="test_binary_name_platform_specific" time="0.001" /><testcase classname="tests.binary.test_pyinstaller_build.TestPyInstallerBuild" name="test_cli_entry_point_exists" time="0.001" /><testcase classname="tests.binary.test_pyinstaller_build.TestBinaryCompatibility" name="test_cli_import_structure" time="0.051" /><testcase classname="tests.binary.test_pyinstaller_build.TestPyInstallerBuild" name="test_pyinstaller_analysis_phase" time="0.091"><skipped type="pytest.skip" message="PyInstaller analysis failed (environment issue): 'workpath'">/Users/paxcalpt/Documents/GitHub/rxiv-maker/tests/binary/test_pyinstaller_build.py:201: PyInstaller analysis failed (environment issue): 'workpath'</skipped></testcase><testcase classname="tests.binary.test_pyinstaller_build.TestBinaryCompatibility" name="test_package_structure_for_binary" time="0.000" /></testsuite></testsuites>
